<?xml version="1.0" encoding="UTF-8"?>
<!-- Generated by org.testng.reporters.JUnitReportReporter -->
<testsuite hostname="DESKTOP-MIGJOFJ" failures="0" tests="1" name="testcases.TestCase3" time="9.345" errors="0" timestamp="2022-12-16T11:57:49 IST" skipped="0">
  <testcase classname="testcases.TestCase3" name="tc3" time="9.345"/>
  <system-out>
    <![CDATA[test case startedtc3
test case executed successfullytc3]]>
  </system-out>
</testsuite> <!-- testcases.TestCase3 -->
