<?xml version="1.0" encoding="UTF-8"?>
<!-- Generated by org.testng.reporters.JUnitReportReporter -->
<testsuite hostname="DESKTOP-MIGJOFJ" failures="0" tests="1" name="testcases.Testcase1" time="6.211" errors="0" timestamp="2022-12-16T11:57:49 IST" skipped="0">
  <testcase classname="testcases.Testcase1" name="tc1" time="6.211"/>
  <system-out>
    <![CDATA[test case startedtc1
test case executed successfullytc1]]>
  </system-out>
</testsuite> <!-- testcases.Testcase1 -->
