<?xml version="1.0" encoding="UTF-8"?>
<!-- Generated by org.testng.reporters.JUnitReportReporter -->
<testsuite hostname="DESKTOP-MIGJOFJ" failures="0" tests="1" name="testcases.TestCase2" time="12.672" errors="0" timestamp="2022-12-16T11:57:49 IST" skipped="0">
  <testcase classname="testcases.TestCase2" name="tc2" time="12.672"/>
  <system-out>
    <![CDATA[test case startedtc2
test case executed successfullytc2]]>
  </system-out>
</testsuite> <!-- testcases.TestCase2 -->
